2025-10-15 14:35:50,075 INFO n.b.BusinessP2PTransfer [main] Starting BusinessP2PTransfer using Java 17.0.3 on ADMIN with PID 54436 (D:\WORK\Personal_Project\P2P_Payment\business\target\classes started by meduc in D:\WORK\Personal_Project\P2P_Payment\business)
2025-10-15 14:35:50,088 INFO n.b.BusinessP2PTransfer [main] No active profile set, falling back to default profiles: default
2025-10-15 14:35:50,673 INFO o.s.d.r.c.RepositoryConfigurationDelegate [main] Bootstrapping Spring Data JPA repositories in DEFAULT mode.
2025-10-15 14:35:50,800 INFO o.s.d.r.c.RepositoryConfigurationDelegate [main] Finished Spring Data repository scanning in 109 ms. Found 2 JPA repository interfaces.
2025-10-15 14:35:51,661 INFO o.a.c.h.Http11NioProtocol [main] Initializing ProtocolHandler ["http-nio-8282"]
2025-10-15 14:35:51,663 INFO o.a.c.c.StandardService [main] Starting service [Tomcat]
2025-10-15 14:35:51,664 INFO o.a.c.c.StandardEngine [main] Starting Servlet engine: [Apache Tomcat/9.0.45]
2025-10-15 14:35:51,794 INFO o.a.c.c.C.[.[.[/] [main] Initializing Spring embedded WebApplicationContext
2025-10-15 14:35:52,077 INFO o.h.j.i.u.LogHelper [main] HHH000204: Processing PersistenceUnitInfo [name: default]
2025-10-15 14:35:52,114 INFO o.h.Version [main] HHH000412: Hibernate ORM core version 5.4.30.Final
2025-10-15 14:35:52,226 INFO o.h.a.c.Version [main] HCANN000001: Hibernate Commons Annotations {5.1.2.Final}
2025-10-15 14:35:52,368 INFO o.h.d.Dialect [main] HHH000400: Using dialect: org.hibernate.dialect.PostgreSQL10Dialect
2025-10-15 14:35:52,816 INFO o.h.e.t.j.p.i.JtaPlatformInitiator [main] HHH000490: Using JtaPlatform implementation: [org.hibernate.engine.transaction.jta.platform.internal.NoJtaPlatform]
2025-10-15 14:35:52,820 INFO o.s.o.j.LocalContainerEntityManagerFactoryBean [main] Initialized JPA EntityManagerFactory for persistence unit 'default'
2025-10-15 14:35:53,196 INFO o.s.s.c.ThreadPoolTaskExecutor [main] Initializing ExecutorService 'clientInboundChannelExecutor'
2025-10-15 14:35:53,204 INFO o.s.s.c.ThreadPoolTaskExecutor [main] Initializing ExecutorService 'clientOutboundChannelExecutor'
2025-10-15 14:35:53,208 INFO o.s.s.c.ThreadPoolTaskExecutor [main] Initializing ExecutorService 'brokerChannelExecutor'
2025-10-15 14:35:53,270 INFO o.s.s.c.ThreadPoolTaskScheduler [main] Initializing ExecutorService 'messageBrokerTaskScheduler'
2025-10-15 14:35:54,143 INFO o.a.c.h.Http11NioProtocol [main] Starting ProtocolHandler ["http-nio-8282"]
2025-10-15 14:35:54,185 INFO o.s.m.s.s.StompBrokerRelayMessageHandler [main] Starting...
2025-10-15 14:35:54,384 INFO o.s.m.s.s.StompBrokerRelayMessageHandler [main] Starting "system" session, StompBrokerRelay[ReactorNettyTcpClient[reactor.netty.tcp.TcpClientConnect@519e14f6]]
2025-10-15 14:35:54,486 INFO o.s.m.s.s.StompBrokerRelayMessageHandler [main] Started.
2025-10-15 14:35:54,493 INFO n.b.BusinessP2PTransfer [main] Started BusinessP2PTransfer in 4.728 seconds (JVM running for 5.514)
2025-10-15 14:35:54,594 INFO o.s.m.s.s.StompBrokerRelayMessageHandler [tcp-client-scheduler-3] "System" session connected.
2025-10-15 14:35:54,596 INFO o.s.m.s.s.StompBrokerRelayMessageHandler [tcp-client-scheduler-3] BrokerAvailabilityEvent[available=true, StompBrokerRelay[ReactorNettyTcpClient[reactor.netty.tcp.TcpClientConnect@519e14f6]]]
2025-10-15 14:36:33,236 INFO o.a.c.c.C.[.[.[/] [http-nio-8282-exec-1] Initializing Spring DispatcherServlet 'dispatcherServlet'
2025-10-15 14:36:33,236 INFO o.s.w.s.DispatcherServlet [http-nio-8282-exec-1] Initializing Servlet 'dispatcherServlet'
2025-10-15 14:36:33,237 INFO o.s.w.s.DispatcherServlet [http-nio-8282-exec-1] Completed initialization in 0 ms
2025-10-15 14:36:53,374 INFO o.s.w.s.c.WebSocketMessageBrokerStats [MessageBroker-4] WebSocketSession[1 current WS(1)-HttpStream(0)-HttpPoll(0), 1 total, 0 closed abnormally (0 connect failure, 0 send limit, 0 transport error)], stompSubProtocol[processed CONNECT(1)-CONNECTED(1)-DISCONNECT(0)], stompBrokerRelay[2 sessions, ReactorNettyTcpClient[reactor.netty.tcp.TcpClientConnect@519e14f6] (available), processed CONNECT(2)-CONNECTED(2)-DISCONNECT(0)], inboundChannel[pool size = 9, active threads = 0, queued tasks = 0, completed tasks = 9], outboundChannel[pool size = 4, active threads = 0, queued tasks = 0, completed tasks = 4], sockJsScheduler[pool size = 8, active threads = 2, queued tasks = 1, completed tasks = 5]
2025-10-15 15:06:53,382 INFO o.s.w.s.c.WebSocketMessageBrokerStats [MessageBroker-13] WebSocketSession[0 current WS(0)-HttpStream(0)-HttpPoll(0), 4 total, 0 closed abnormally (0 connect failure, 0 send limit, 0 transport error)], stompSubProtocol[processed CONNECT(4)-CONNECTED(4)-DISCONNECT(0)], stompBrokerRelay[1 sessions, ReactorNettyTcpClient[reactor.netty.tcp.TcpClientConnect@519e14f6] (available), processed CONNECT(5)-CONNECTED(5)-DISCONNECT(3)], inboundChannel[pool size = 0, active threads = 0, queued tasks = 0, completed tasks = 156], outboundChannel[pool size = 0, active threads = 0, queued tasks = 0, completed tasks = 95], sockJsScheduler[pool size = 32, active threads = 1, queued tasks = 1, completed tasks = 366]
2025-10-15 15:36:53,389 INFO o.s.w.s.c.WebSocketMessageBrokerStats [MessageBroker-18] WebSocketSession[0 current WS(0)-HttpStream(0)-HttpPoll(0), 4 total, 0 closed abnormally (0 connect failure, 0 send limit, 0 transport error)], stompSubProtocol[processed CONNECT(4)-CONNECTED(4)-DISCONNECT(0)], stompBrokerRelay[1 sessions, ReactorNettyTcpClient[reactor.netty.tcp.TcpClientConnect@519e14f6] (available), processed CONNECT(5)-CONNECTED(5)-DISCONNECT(3)], inboundChannel[pool size = 0, active threads = 0, queued tasks = 0, completed tasks = 156], outboundChannel[pool size = 0, active threads = 0, queued tasks = 0, completed tasks = 95], sockJsScheduler[pool size = 32, active threads = 1, queued tasks = 1, completed tasks = 727]
2025-10-15 16:06:53,396 INFO o.s.w.s.c.WebSocketMessageBrokerStats [MessageBroker-11] WebSocketSession[0 current WS(0)-HttpStream(0)-HttpPoll(0), 4 total, 0 closed abnormally (0 connect failure, 0 send limit, 0 transport error)], stompSubProtocol[processed CONNECT(4)-CONNECTED(4)-DISCONNECT(0)], stompBrokerRelay[1 sessions, ReactorNettyTcpClient[reactor.netty.tcp.TcpClientConnect@519e14f6] (available), processed CONNECT(5)-CONNECTED(5)-DISCONNECT(3)], inboundChannel[pool size = 0, active threads = 0, queued tasks = 0, completed tasks = 156], outboundChannel[pool size = 0, active threads = 0, queued tasks = 0, completed tasks = 95], sockJsScheduler[pool size = 32, active threads = 1, queued tasks = 1, completed tasks = 1088]
2025-10-15 16:36:53,398 INFO o.s.w.s.c.WebSocketMessageBrokerStats [MessageBroker-9] WebSocketSession[0 current WS(0)-HttpStream(0)-HttpPoll(0), 4 total, 0 closed abnormally (0 connect failure, 0 send limit, 0 transport error)], stompSubProtocol[processed CONNECT(4)-CONNECTED(4)-DISCONNECT(0)], stompBrokerRelay[1 sessions, ReactorNettyTcpClient[reactor.netty.tcp.TcpClientConnect@519e14f6] (available), processed CONNECT(5)-CONNECTED(5)-DISCONNECT(3)], inboundChannel[pool size = 0, active threads = 0, queued tasks = 0, completed tasks = 156], outboundChannel[pool size = 0, active threads = 0, queued tasks = 0, completed tasks = 95], sockJsScheduler[pool size = 32, active threads = 1, queued tasks = 1, completed tasks = 1449]
2025-10-15 17:06:53,400 INFO o.s.w.s.c.WebSocketMessageBrokerStats [MessageBroker-2] WebSocketSession[0 current WS(0)-HttpStream(0)-HttpPoll(0), 4 total, 0 closed abnormally (0 connect failure, 0 send limit, 0 transport error)], stompSubProtocol[processed CONNECT(4)-CONNECTED(4)-DISCONNECT(0)], stompBrokerRelay[1 sessions, ReactorNettyTcpClient[reactor.netty.tcp.TcpClientConnect@519e14f6] (available), processed CONNECT(5)-CONNECTED(5)-DISCONNECT(3)], inboundChannel[pool size = 0, active threads = 0, queued tasks = 0, completed tasks = 156], outboundChannel[pool size = 0, active threads = 0, queued tasks = 0, completed tasks = 95], sockJsScheduler[pool size = 32, active threads = 1, queued tasks = 1, completed tasks = 1810]
